<?xml version="1.0" encoding="UTF-8"?>
<testsuite xmlns:xsi="http://www.w3.org/2001/XMLSchema-instance" xsi:noNamespaceSchemaLocation="https://maven.apache.org/surefire/maven-surefire-plugin/xsd/surefire-test-report.xsd" name="org.pvronlineCommon.AppTest" time="0.033" tests="1" errors="0" skipped="0" failures="0">
  <properties>
    <property name="sun.desktop" value="gnome"/>
    <property name="awt.toolkit" value="sun.awt.X11.XToolkit"/>
    <property name="file.encoding.pkg" value="sun.io"/>
    <property name="java.specification.version" value="1.8"/>
    <property name="sun.cpu.isalist" value=""/>
    <property name="sun.jnu.encoding" value="UTF-8"/>
    <property name="java.class.path" value="/home/ankit/PVRWRKSPCONLINE3/pvronline/pvronlineCommon/target/test-classes:/home/ankit/PVRWRKSPCONLINE3/pvronline/pvronlineCommon/target/classes:/home/ankit/.m2/repository/mysql/mysql-connector-java/8.0.13/mysql-connector-java-8.0.13.jar:/home/ankit/.m2/repository/com/google/cloud/sql/mysql-socket-factory-connector-j-8/1.0.12/mysql-socket-factory-connector-j-8-1.0.12.jar:/home/ankit/.m2/repository/com/google/cloud/sql/jdbc-socket-factory-core/1.0.12/jdbc-socket-factory-core-1.0.12.jar:/home/ankit/.m2/repository/com/google/apis/google-api-services-sqladmin/v1beta4-rev56-1.23.0/google-api-services-sqladmin-v1beta4-rev56-1.23.0.jar:/home/ankit/.m2/repository/com/google/api-client/google-api-client/1.23.0/google-api-client-1.23.0.jar:/home/ankit/.m2/repository/com/google/oauth-client/google-oauth-client/1.23.0/google-oauth-client-1.23.0.jar:/home/ankit/.m2/repository/com/google/http-client/google-http-client/1.23.0/google-http-client-1.23.0.jar:/home/ankit/.m2/repository/org/apache/httpcomponents/httpclient/4.5.6/httpclient-4.5.6.jar:/home/ankit/.m2/repository/org/apache/httpcomponents/httpcore/4.4.10/httpcore-4.4.10.jar:/home/ankit/.m2/repository/commons-codec/commons-codec/1.11/commons-codec-1.11.jar:/home/ankit/.m2/repository/com/google/http-client/google-http-client-jackson2/1.23.0/google-http-client-jackson2-1.23.0.jar:/home/ankit/.m2/repository/com/fasterxml/jackson/core/jackson-core/2.9.7/jackson-core-2.9.7.jar:/home/ankit/.m2/repository/com/google/guava/guava/26.0-android/guava-26.0-android.jar:/home/ankit/.m2/repository/com/google/code/findbugs/jsr305/3.0.2/jsr305-3.0.2.jar:/home/ankit/.m2/repository/org/checkerframework/checker-compat-qual/2.5.2/checker-compat-qual-2.5.2.jar:/home/ankit/.m2/repository/com/google/errorprone/error_prone_annotations/2.1.3/error_prone_annotations-2.1.3.jar:/home/ankit/.m2/repository/com/google/j2objc/j2objc-annotations/1.1/j2objc-annotations-1.1.jar:/home/ankit/.m2/repository/org/codehaus/mojo/animal-sniffer-annotations/1.14/animal-sniffer-annotations-1.14.jar:/home/ankit/.m2/repository/com/github/jnr/jnr-unixsocket/0.21/jnr-unixsocket-0.21.jar:/home/ankit/.m2/repository/com/github/jnr/jnr-ffi/2.1.9/jnr-ffi-2.1.9.jar:/home/ankit/.m2/repository/com/github/jnr/jffi/1.2.17/jffi-1.2.17.jar:/home/ankit/.m2/repository/com/github/jnr/jffi/1.2.16/jffi-1.2.16-native.jar:/home/ankit/.m2/repository/org/ow2/asm/asm-commons/5.0.3/asm-commons-5.0.3.jar:/home/ankit/.m2/repository/com/github/jnr/jnr-a64asm/1.0.0/jnr-a64asm-1.0.0.jar:/home/ankit/.m2/repository/com/github/jnr/jnr-x86asm/1.0.2/jnr-x86asm-1.0.2.jar:/home/ankit/.m2/repository/com/github/jnr/jnr-constants/0.9.11/jnr-constants-0.9.11.jar:/home/ankit/.m2/repository/com/github/jnr/jnr-enxio/0.19/jnr-enxio-0.19.jar:/home/ankit/.m2/repository/com/github/jnr/jnr-posix/3.0.47/jnr-posix-3.0.47.jar:/home/ankit/.m2/repository/org/ow2/asm/asm-util/7.0/asm-util-7.0.jar:/home/ankit/.m2/repository/org/ow2/asm/asm/7.0/asm-7.0.jar:/home/ankit/.m2/repository/org/ow2/asm/asm-tree/7.0/asm-tree-7.0.jar:/home/ankit/.m2/repository/org/ow2/asm/asm-analysis/7.0/asm-analysis-7.0.jar:/home/ankit/.m2/repository/junit/junit/4.12/junit-4.12.jar:/home/ankit/.m2/repository/org/hamcrest/hamcrest-core/1.3/hamcrest-core-1.3.jar:"/>
    <property name="java.vm.vendor" value="Oracle Corporation"/>
    <property name="sun.arch.data.model" value="64"/>
    <property name="java.vendor.url" value="http://java.oracle.com/"/>
    <property name="user.timezone" value=""/>
    <property name="java.vm.specification.version" value="1.8"/>
    <property name="os.name" value="Linux"/>
    <property name="user.country" value="IN"/>
    <property name="sun.java.launcher" value="SUN_STANDARD"/>
    <property name="sun.boot.library.path" value="/usr/lib/jvm/java-8-openjdk-amd64/jre/lib/amd64"/>
    <property name="sun.java.command" value="/home/ankit/PVRWRKSPCONLINE3/pvronline/pvronlineCommon/target/surefire/surefirebooter1932612232658493868.jar /home/ankit/PVRWRKSPCONLINE3/pvronline/pvronlineCommon/target/surefire 2019-01-24T21-37-27_814-jvmRun1 surefire7556534418694419532tmp surefire_18662108270496127368tmp"/>
    <property name="surefire.test.class.path" value="/home/ankit/PVRWRKSPCONLINE3/pvronline/pvronlineCommon/target/test-classes:/home/ankit/PVRWRKSPCONLINE3/pvronline/pvronlineCommon/target/classes:/home/ankit/.m2/repository/mysql/mysql-connector-java/8.0.13/mysql-connector-java-8.0.13.jar:/home/ankit/.m2/repository/com/google/cloud/sql/mysql-socket-factory-connector-j-8/1.0.12/mysql-socket-factory-connector-j-8-1.0.12.jar:/home/ankit/.m2/repository/com/google/cloud/sql/jdbc-socket-factory-core/1.0.12/jdbc-socket-factory-core-1.0.12.jar:/home/ankit/.m2/repository/com/google/apis/google-api-services-sqladmin/v1beta4-rev56-1.23.0/google-api-services-sqladmin-v1beta4-rev56-1.23.0.jar:/home/ankit/.m2/repository/com/google/api-client/google-api-client/1.23.0/google-api-client-1.23.0.jar:/home/ankit/.m2/repository/com/google/oauth-client/google-oauth-client/1.23.0/google-oauth-client-1.23.0.jar:/home/ankit/.m2/repository/com/google/http-client/google-http-client/1.23.0/google-http-client-1.23.0.jar:/home/ankit/.m2/repository/org/apache/httpcomponents/httpclient/4.5.6/httpclient-4.5.6.jar:/home/ankit/.m2/repository/org/apache/httpcomponents/httpcore/4.4.10/httpcore-4.4.10.jar:/home/ankit/.m2/repository/commons-codec/commons-codec/1.11/commons-codec-1.11.jar:/home/ankit/.m2/repository/com/google/http-client/google-http-client-jackson2/1.23.0/google-http-client-jackson2-1.23.0.jar:/home/ankit/.m2/repository/com/fasterxml/jackson/core/jackson-core/2.9.7/jackson-core-2.9.7.jar:/home/ankit/.m2/repository/com/google/guava/guava/26.0-android/guava-26.0-android.jar:/home/ankit/.m2/repository/com/google/code/findbugs/jsr305/3.0.2/jsr305-3.0.2.jar:/home/ankit/.m2/repository/org/checkerframework/checker-compat-qual/2.5.2/checker-compat-qual-2.5.2.jar:/home/ankit/.m2/repository/com/google/errorprone/error_prone_annotations/2.1.3/error_prone_annotations-2.1.3.jar:/home/ankit/.m2/repository/com/google/j2objc/j2objc-annotations/1.1/j2objc-annotations-1.1.jar:/home/ankit/.m2/repository/org/codehaus/mojo/animal-sniffer-annotations/1.14/animal-sniffer-annotations-1.14.jar:/home/ankit/.m2/repository/com/github/jnr/jnr-unixsocket/0.21/jnr-unixsocket-0.21.jar:/home/ankit/.m2/repository/com/github/jnr/jnr-ffi/2.1.9/jnr-ffi-2.1.9.jar:/home/ankit/.m2/repository/com/github/jnr/jffi/1.2.17/jffi-1.2.17.jar:/home/ankit/.m2/repository/com/github/jnr/jffi/1.2.16/jffi-1.2.16-native.jar:/home/ankit/.m2/repository/org/ow2/asm/asm-commons/5.0.3/asm-commons-5.0.3.jar:/home/ankit/.m2/repository/com/github/jnr/jnr-a64asm/1.0.0/jnr-a64asm-1.0.0.jar:/home/ankit/.m2/repository/com/github/jnr/jnr-x86asm/1.0.2/jnr-x86asm-1.0.2.jar:/home/ankit/.m2/repository/com/github/jnr/jnr-constants/0.9.11/jnr-constants-0.9.11.jar:/home/ankit/.m2/repository/com/github/jnr/jnr-enxio/0.19/jnr-enxio-0.19.jar:/home/ankit/.m2/repository/com/github/jnr/jnr-posix/3.0.47/jnr-posix-3.0.47.jar:/home/ankit/.m2/repository/org/ow2/asm/asm-util/7.0/asm-util-7.0.jar:/home/ankit/.m2/repository/org/ow2/asm/asm/7.0/asm-7.0.jar:/home/ankit/.m2/repository/org/ow2/asm/asm-tree/7.0/asm-tree-7.0.jar:/home/ankit/.m2/repository/org/ow2/asm/asm-analysis/7.0/asm-analysis-7.0.jar:/home/ankit/.m2/repository/junit/junit/4.12/junit-4.12.jar:/home/ankit/.m2/repository/org/hamcrest/hamcrest-core/1.3/hamcrest-core-1.3.jar:"/>
    <property name="sun.cpu.endian" value="little"/>
    <property name="user.home" value="/home/ankit"/>
    <property name="user.language" value="en"/>
    <property name="java.specification.vendor" value="Oracle Corporation"/>
    <property name="java.home" value="/usr/lib/jvm/java-8-openjdk-amd64/jre"/>
    <property name="basedir" value="/home/ankit/PVRWRKSPCONLINE3/pvronline/pvronlineCommon"/>
    <property name="file.separator" value="/"/>
    <property name="line.separator" value="&#10;"/>
    <property name="java.vm.specification.vendor" value="Oracle Corporation"/>
    <property name="java.specification.name" value="Java Platform API Specification"/>
    <property name="java.awt.graphicsenv" value="sun.awt.X11GraphicsEnvironment"/>
    <property name="surefire.real.class.path" value="/home/ankit/PVRWRKSPCONLINE3/pvronline/pvronlineCommon/target/surefire/surefirebooter1932612232658493868.jar"/>
    <property name="sun.boot.class.path" value="/usr/lib/jvm/java-8-openjdk-amd64/jre/lib/resources.jar:/usr/lib/jvm/java-8-openjdk-amd64/jre/lib/rt.jar:/usr/lib/jvm/java-8-openjdk-amd64/jre/lib/sunrsasign.jar:/usr/lib/jvm/java-8-openjdk-amd64/jre/lib/jsse.jar:/usr/lib/jvm/java-8-openjdk-amd64/jre/lib/jce.jar:/usr/lib/jvm/java-8-openjdk-amd64/jre/lib/charsets.jar:/usr/lib/jvm/java-8-openjdk-amd64/jre/lib/jfr.jar:/usr/lib/jvm/java-8-openjdk-amd64/jre/classes"/>
    <property name="sun.management.compiler" value="HotSpot 64-Bit Tiered Compilers"/>
    <property name="java.runtime.version" value="1.8.0_191-8u191-b12-0ubuntu0.18.04.1-b12"/>
    <property name="user.name" value="ankit"/>
    <property name="path.separator" value=":"/>
    <property name="os.version" value="4.15.0-43-generic"/>
    <property name="java.endorsed.dirs" value="/usr/lib/jvm/java-8-openjdk-amd64/jre/lib/endorsed"/>
    <property name="java.runtime.name" value="OpenJDK Runtime Environment"/>
    <property name="file.encoding" value="UTF-8"/>
    <property name="java.vm.name" value="OpenJDK 64-Bit Server VM"/>
    <property name="localRepository" value="/home/ankit/.m2/repository"/>
    <property name="java.vendor.url.bug" value="http://bugreport.sun.com/bugreport/"/>
    <property name="java.io.tmpdir" value="/tmp"/>
    <property name="java.version" value="1.8.0_191"/>
    <property name="user.dir" value="/home/ankit/PVRWRKSPCONLINE3/pvronline/pvronlineCommon"/>
    <property name="os.arch" value="amd64"/>
    <property name="java.vm.specification.name" value="Java Virtual Machine Specification"/>
    <property name="java.awt.printerjob" value="sun.print.PSPrinterJob"/>
    <property name="sun.os.patch.level" value="unknown"/>
    <property name="java.library.path" value="/usr/java/packages/lib/amd64:/usr/lib/x86_64-linux-gnu/jni:/lib/x86_64-linux-gnu:/usr/lib/x86_64-linux-gnu:/usr/lib/jni:/lib:/usr/lib"/>
    <property name="java.vm.info" value="mixed mode"/>
    <property name="java.vendor" value="Oracle Corporation"/>
    <property name="java.vm.version" value="25.191-b12"/>
    <property name="java.ext.dirs" value="/usr/lib/jvm/java-8-openjdk-amd64/jre/lib/ext:/usr/java/packages/lib/ext"/>
    <property name="sun.io.unicode.encoding" value="UnicodeLittle"/>
    <property name="java.class.version" value="52.0"/>
  </properties>
  <testcase name="testApp" classname="org.pvronlineCommon.AppTest" time="0.002"/>
</testsuite>